#2026 07 09 21:16:43.024#Z#DEBUG#45c26d9f-7bdb-11f1-89dc-eeee0a879607.Healthcare-srv#flowable-async-job-executor-thread-31447#
[PollStageAppStatusExecution] 9d1c024d-005a-459f-8754-a57c77091542 [2026-07-09T21:11:56.511920] Updated app with guid 9d1c024d-005a-459f-8754-a57c77091542 ({"lifecycle"=>{"data"=>{"buildpacks"=>["nodejs_buildpack"]}, "type"=>"buildpack"}}) (STDOUT, API)#
#2026 07 09 21:16:43.024#Z#DEBUG#45c26d9f-7bdb-11f1-89dc-eeee0a879607.Healthcare-srv#flowable-async-job-executor-thread-31447#
[PollStageAppStatusExecution] 9d1c024d-005a-459f-8754-a57c77091542 [2026-07-09T21:11:56.627750] Updating process: "web" (STDOUT, API)#
#2026 07 09 21:16:43.024#Z#DEBUG#45c26d9f-7bdb-11f1-89dc-eeee0a879607.Healthcare-srv#flowable-async-job-executor-thread-31447#
[PollStageAppStatusExecution] 9d1c024d-005a-459f-8754-a57c77091542 [2026-07-09T21:12:32.258844] Uploading app package for app with guid 9d1c024d-005a-459f-8754-a57c77091542 (STDOUT, API)#
#2026 07 09 21:16:43.024#Z#DEBUG#45c26d9f-7bdb-11f1-89dc-eeee0a879607.Healthcare-srv#flowable-async-job-executor-thread-31447#
[PollStageAppStatusExecution] 9d1c024d-005a-459f-8754-a57c77091542 [2026-07-09T21:12:32.422562] Updated app with guid 9d1c024d-005a-459f-8754-a57c77091542 ({"environment_variables"=>"[PRIVATE DATA HIDDEN]"}) (STDOUT, API)#
#2026 07 09 21:16:43.024#Z#DEBUG#45c26d9f-7bdb-11f1-89dc-eeee0a879607.Healthcare-srv#flowable-async-job-executor-thread-31447#
[PollStageAppStatusExecution] 9d1c024d-005a-459f-8754-a57c77091542 [2026-07-09T21:12:42.482397] Stopping app with guid 9d1c024d-005a-459f-8754-a57c77091542 (STDOUT, API)#
#2026 07 09 21:16:43.024#Z#DEBUG#45c26d9f-7bdb-11f1-89dc-eeee0a879607.Healthcare-srv#flowable-async-job-executor-thread-31447#
[PollStageAppStatusExecution] 9d1c024d-005a-459f-8754-a57c77091542 [2026-07-09T21:12:42.521047] Cell 77283d80-dfa7-40ba-ba4e-265aef112085 stopping instance e67ea37b-7ae5-4f97-74e2-8625 (STDOUT, CELL)#
#2026 07 09 21:16:43.024#Z#DEBUG#45c26d9f-7bdb-11f1-89dc-eeee0a879607.Healthcare-srv#flowable-async-job-executor-thread-31447#
[PollStageAppStatusExecution] 9d1c024d-005a-459f-8754-a57c77091542 [2026-07-09T21:12:42.683635] Creating build for app with guid 9d1c024d-005a-459f-8754-a57c77091542 (STDOUT, API)#
#2026 07 09 21:16:43.024#Z#DEBUG#45c26d9f-7bdb-11f1-89dc-eeee0a879607.Healthcare-srv#flowable-async-job-executor-thread-31447#
[PollStageAppStatusExecution] 9d1c024d-005a-459f-8754-a57c77091542 [2026-07-09T21:12:43.114132] Downloading nodejs_buildpack... (STDOUT, STG)#
#2026 07 09 21:16:43.024#Z#DEBUG#45c26d9f-7bdb-11f1-89dc-eeee0a879607.Healthcare-srv#flowable-async-job-executor-thread-31447#
[PollStageAppStatusExecution] 9d1c024d-005a-459f-8754-a57c77091542 [2026-07-09T21:12:43.159009] Downloaded nodejs_buildpack (STDOUT, STG)#
#2026 07 09 21:16:43.024#Z#DEBUG#45c26d9f-7bdb-11f1-89dc-eeee0a879607.Healthcare-srv#flowable-async-job-executor-thread-31447#
[PollStageAppStatusExecution] 9d1c024d-005a-459f-8754-a57c77091542 [2026-07-09T21:12:43.159111] Cell 77283d80-dfa7-40ba-ba4e-265aef112085 creating container for instance 3dd86260-2c93-461b-83fb-075363d13909 (STDOUT, STG)#
#2026 07 09 21:16:43.024#Z#DEBUG#45c26d9f-7bdb-11f1-89dc-eeee0a879607.Healthcare-srv#flowable-async-job-executor-thread-31447#
[PollStageAppStatusExecution] 9d1c024d-005a-459f-8754-a57c77091542 [2026-07-09T21:12:44.827670] Security group rules were updated (STDOUT, STG)#
#2026 07 09 21:16:43.024#Z#DEBUG#45c26d9f-7bdb-11f1-89dc-eeee0a879607.Healthcare-srv#flowable-async-job-executor-thread-31447#
[PollStageAppStatusExecution] 9d1c024d-005a-459f-8754-a57c77091542 [2026-07-09T21:12:44.947400] Cell 77283d80-dfa7-40ba-ba4e-265aef112085 successfully created container for instance 3dd86260-2c93-461b-83fb-075363d13909 (STDOUT, STG)#
#2026 07 09 21:16:43.024#Z#DEBUG#45c26d9f-7bdb-11f1-89dc-eeee0a879607.Healthcare-srv#flowable-async-job-executor-thread-31447#
[PollStageAppStatusExecution] 9d1c024d-005a-459f-8754-a57c77091542 [2026-07-09T21:12:45.702828] Downloading build artifacts cache... (STDOUT, STG)#
#2026 07 09 21:16:43.024#Z#DEBUG#45c26d9f-7bdb-11f1-89dc-eeee0a879607.Healthcare-srv#flowable-async-job-executor-thread-31447#
[PollStageAppStatusExecution] 9d1c024d-005a-459f-8754-a57c77091542 [2026-07-09T21:12:45.702872] Downloading app package... (STDOUT, STG)#
#2026 07 09 21:16:43.024#Z#DEBUG#45c26d9f-7bdb-11f1-89dc-eeee0a879607.Healthcare-srv#flowable-async-job-executor-thread-31447#
[PollStageAppStatusExecution] 9d1c024d-005a-459f-8754-a57c77091542 [2026-07-09T21:12:45.813497] Downloaded build artifacts cache (224B) (STDOUT, STG)#
#2026 07 09 21:16:43.024#Z#DEBUG#45c26d9f-7bdb-11f1-89dc-eeee0a879607.Healthcare-srv#flowable-async-job-executor-thread-31447#
[PollStageAppStatusExecution] 9d1c024d-005a-459f-8754-a57c77091542 [2026-07-09T21:12:46.695513] Downloaded app package (6.9M) (STDOUT, STG)#
#2026 07 09 21:16:43.024#Z#DEBUG#45c26d9f-7bdb-11f1-89dc-eeee0a879607.Healthcare-srv#flowable-async-job-executor-thread-31447#
[PollStageAppStatusExecution] 9d1c024d-005a-459f-8754-a57c77091542 [2026-07-09T21:12:46.875224] -----> Nodejs Buildpack version 1.9.2 (STDOUT, STG)#
#2026 07 09 21:16:43.024#Z#DEBUG#45c26d9f-7bdb-11f1-89dc-eeee0a879607.Healthcare-srv#flowable-async-job-executor-thread-31447#
[PollStageAppStatusExecution] 9d1c024d-005a-459f-8754-a57c77091542 [2026-07-09T21:12:47.361172] -----> Bootstrapping python (STDOUT, STG)#
#2026 07 09 21:16:43.024#Z#DEBUG#45c26d9f-7bdb-11f1-89dc-eeee0a879607.Healthcare-srv#flowable-async-job-executor-thread-31447#
[PollStageAppStatusExecution] 9d1c024d-005a-459f-8754-a57c77091542 [2026-07-09T21:12:47.361206] -----> Installing python 3.13.13 (STDOUT, STG)#
#2026 07 09 21:16:43.024#Z#DEBUG#45c26d9f-7bdb-11f1-89dc-eeee0a879607.Healthcare-srv#flowable-async-job-executor-thread-31447#
[PollStageAppStatusExecution] 9d1c024d-005a-459f-8754-a57c77091542 [2026-07-09T21:12:47.361291] Copy [/tmp/buildpacks/17bd89c67d092631/dependencies/268a5e3743d51a14b86ea9da64439307/python_3.13.13_linux_x64_cflinuxfs4_8311abbf.tgz] (STDOUT, STG)#
#2026 07 09 21:16:43.024#Z#DEBUG#45c26d9f-7bdb-11f1-89dc-eeee0a879607.Healthcare-srv#flowable-async-job-executor-thread-31447#
[PollStageAppStatusExecution] 9d1c024d-005a-459f-8754-a57c77091542 [2026-07-09T21:12:53.912706] -----> Installing binaries (STDOUT, STG)#
#2026 07 09 21:16:43.024#Z#DEBUG#45c26d9f-7bdb-11f1-89dc-eeee0a879607.Healthcare-srv#flowable-async-job-executor-thread-31447#
[PollStageAppStatusExecution] 9d1c024d-005a-459f-8754-a57c77091542 [2026-07-09T21:12:53.913059] engines.node (package.json): >=20 (STDOUT, STG)#
#2026 07 09 21:16:43.024#Z#DEBUG#45c26d9f-7bdb-11f1-89dc-eeee0a879607.Healthcare-srv#flowable-async-job-executor-thread-31447#
[PollStageAppStatusExecution] 9d1c024d-005a-459f-8754-a57c77091542 [2026-07-09T21:12:53.913077] engines.npm (package.json): unspecified (use default) (STDOUT, STG)#
#2026 07 09 21:16:43.024#Z#DEBUG#45c26d9f-7bdb-11f1-89dc-eeee0a879607.Healthcare-srv#flowable-async-job-executor-thread-31447#
[PollStageAppStatusExecution] 9d1c024d-005a-459f-8754-a57c77091542 [2026-07-09T21:12:53.913084] [31;1m**WARNING**[0m Dangerous semver range (>) in engines.node. See: http://docs.cloudfoundry.org/buildpacks/node/node-tips.html (STDOUT, STG)#
#2026 07 09 21:16:43.024#Z#DEBUG#45c26d9f-7bdb-11f1-89dc-eeee0a879607.Healthcare-srv#flowable-async-job-executor-thread-31447#
[PollStageAppStatusExecution] 9d1c024d-005a-459f-8754-a57c77091542 [2026-07-09T21:12:53.913227] -----> Installing node 24.15.0 (STDOUT, STG)#
#2026 07 09 21:16:43.024#Z#DEBUG#45c26d9f-7bdb-11f1-89dc-eeee0a879607.Healthcare-srv#flowable-async-job-executor-thread-31447#
[PollStageAppStatusExecution] 9d1c024d-005a-459f-8754-a57c77091542 [2026-07-09T21:12:53.913545] Copy [/tmp/buildpacks/17bd89c67d092631/dependencies/6441e97e6386f47ec4c16cfdf8db0a17/node_24.15.0_linux_x64_cflinuxfs4_1a62d98b.tgz] (STDOUT, STG)#
#2026 07 09 21:16:43.024#Z#DEBUG#45c26d9f-7bdb-11f1-89dc-eeee0a879607.Healthcare-srv#flowable-async-job-executor-thread-31447#
[PollStageAppStatusExecution] 9d1c024d-005a-459f-8754-a57c77091542 [2026-07-09T21:12:56.880989] Using default npm version: 11.12.1 (STDOUT, STG)#
#2026 07 09 21:16:43.024#Z#DEBUG#45c26d9f-7bdb-11f1-89dc-eeee0a879607.Healthcare-srv#flowable-async-job-executor-thread-31447#
[PollStageAppStatusExecution] 9d1c024d-005a-459f-8754-a57c77091542 [2026-07-09T21:12:56.881028] -----> Installing yarn 1.22.22 (STDOUT, STG)#
#2026 07 09 21:16:43.024#Z#DEBUG#45c26d9f-7bdb-11f1-89dc-eeee0a879607.Healthcare-srv#flowable-async-job-executor-thread-31447#
[PollStageAppStatusExecution] 9d1c024d-005a-459f-8754-a57c77091542 [2026-07-09T21:12:56.890833] Copy [/tmp/buildpacks/17bd89c67d092631/dependencies/e4fe26756e9984a665478d350474fa2e/yarn_1.22.22_linux_noarch_any-stack_b6132b86.tgz] (STDOUT, STG)#
#2026 07 09 21:16:43.024#Z#DEBUG#45c26d9f-7bdb-11f1-89dc-eeee0a879607.Healthcare-srv#flowable-async-job-executor-thread-31447#
[PollStageAppStatusExecution] 9d1c024d-005a-459f-8754-a57c77091542 [2026-07-09T21:12:57.370198] Installed yarn 1.22.22 (STDOUT, STG)#
#2026 07 09 21:16:43.024#Z#DEBUG#45c26d9f-7bdb-11f1-89dc-eeee0a879607.Healthcare-srv#flowable-async-job-executor-thread-31447#
[PollStageAppStatusExecution] 9d1c024d-005a-459f-8754-a57c77091542 [2026-07-09T21:12:57.370247] -----> Creating runtime environment (STDOUT, STG)#
#2026 07 09 21:16:43.024#Z#DEBUG#45c26d9f-7bdb-11f1-89dc-eeee0a879607.Healthcare-srv#flowable-async-job-executor-thread-31447#
[PollStageAppStatusExecution] 9d1c024d-005a-459f-8754-a57c77091542 [2026-07-09T21:12:57.372449] NODE_ENV=production (STDOUT, STG)#
#2026 07 09 21:16:43.024#Z#DEBUG#45c26d9f-7bdb-11f1-89dc-eeee0a879607.Healthcare-srv#flowable-async-job-executor-thread-31447#
[PollStageAppStatusExecution] 9d1c024d-005a-459f-8754-a57c77091542 [2026-07-09T21:12:57.372489] NODE_HOME=/tmp/contents4104636240/deps/0/node (STDOUT, STG)#
#2026 07 09 21:16:43.024#Z#DEBUG#45c26d9f-7bdb-11f1-89dc-eeee0a879607.Healthcare-srv#flowable-async-job-executor-thread-31447#
[PollStageAppStatusExecution] 9d1c024d-005a-459f-8754-a57c77091542 [2026-07-09T21:12:57.372495] NODE_MODULES_CACHE=true (STDOUT, STG)#
#2026 07 09 21:16:43.024#Z#DEBUG#45c26d9f-7bdb-11f1-89dc-eeee0a879607.Healthcare-srv#flowable-async-job-executor-thread-31447#
[PollStageAppStatusExecution] 9d1c024d-005a-459f-8754-a57c77091542 [2026-07-09T21:12:57.372498] NODE_VERBOSE=false (STDOUT, STG)#
#2026 07 09 21:16:43.024#Z#DEBUG#45c26d9f-7bdb-11f1-89dc-eeee0a879607.Healthcare-srv#flowable-async-job-executor-thread-31447#
[PollStageAppStatusExecution] 9d1c024d-005a-459f-8754-a57c77091542 [2026-07-09T21:12:57.372508] NPM_CONFIG_LOGLEVEL=error (STDOUT, STG)#
#2026 07 09 21:16:43.024#Z#DEBUG#45c26d9f-7bdb-11f1-89dc-eeee0a879607.Healthcare-srv#flowable-async-job-executor-thread-31447#
[PollStageAppStatusExecution] 9d1c024d-005a-459f-8754-a57c77091542 [2026-07-09T21:12:57.372514] NPM_CONFIG_PRODUCTION=true (STDOUT, STG)#
#2026 07 09 21:16:43.024#Z#DEBUG#45c26d9f-7bdb-11f1-89dc-eeee0a879607.Healthcare-srv#flowable-async-job-executor-thread-31447#
[PollStageAppStatusExecution] 9d1c024d-005a-459f-8754-a57c77091542 [2026-07-09T21:12:57.372553] -----> Building dependencies (STDOUT, STG)#
#2026 07 09 21:16:43.024#Z#DEBUG#45c26d9f-7bdb-11f1-89dc-eeee0a879607.Healthcare-srv#flowable-async-job-executor-thread-31447#
[PollStageAppStatusExecution] 9d1c024d-005a-459f-8754-a57c77091542 [2026-07-09T21:12:57.372557] Prebuild detected (node_modules already exists) (STDOUT, STG)#
#2026 07 09 21:16:43.024#Z#DEBUG#45c26d9f-7bdb-11f1-89dc-eeee0a879607.Healthcare-srv#flowable-async-job-executor-thread-31447#
[PollStageAppStatusExecution] 9d1c024d-005a-459f-8754-a57c77091542 [2026-07-09T21:12:57.372560] Rebuilding any native modules (STDOUT, STG)#
#2026 07 09 21:16:43.024#Z#DEBUG#45c26d9f-7bdb-11f1-89dc-eeee0a879607.Healthcare-srv#flowable-async-job-executor-thread-31447#
[PollStageAppStatusExecution] 9d1c024d-005a-459f-8754-a57c77091542 [2026-07-09T21:12:58.332974] rebuilt dependencies successfully (STDOUT, STG)#
#2026 07 09 21:16:43.024#Z#DEBUG#45c26d9f-7bdb-11f1-89dc-eeee0a879607.Healthcare-srv#flowable-async-job-executor-thread-31447#
[PollStageAppStatusExecution] 9d1c024d-005a-459f-8754-a57c77091542 [2026-07-09T21:12:58.335644] npm notice (STDOUT, STG)#
#2026 07 09 21:16:43.024#Z#DEBUG#45c26d9f-7bdb-11f1-89dc-eeee0a879607.Healthcare-srv#flowable-async-job-executor-thread-31447#
[PollStageAppStatusExecution] 9d1c024d-005a-459f-8754-a57c77091542 [2026-07-09T21:12:58.335680] npm notice New major version of npm available! 11.12.1 -> 12.0.0 (STDOUT, STG)#
#2026 07 09 21:16:43.024#Z#DEBUG#45c26d9f-7bdb-11f1-89dc-eeee0a879607.Healthcare-srv#flowable-async-job-executor-thread-31447#
[PollStageAppStatusExecution] 9d1c024d-005a-459f-8754-a57c77091542 [2026-07-09T21:12:58.335683] npm notice Changelog: https://github.com/npm/cli/releases/tag/v12.0.0 (STDOUT, STG)#
#2026 07 09 21:16:43.024#Z#DEBUG#45c26d9f-7bdb-11f1-89dc-eeee0a879607.Healthcare-srv#flowable-async-job-executor-thread-31447#
[PollStageAppStatusExecution] 9d1c024d-005a-459f-8754-a57c77091542 [2026-07-09T21:12:58.335687] npm notice To update run: npm install -g npm@12.0.0 (STDOUT, STG)#
#2026 07 09 21:16:43.024#Z#DEBUG#45c26d9f-7bdb-11f1-89dc-eeee0a879607.Healthcare-srv#flowable-async-job-executor-thread-31447#
[PollStageAppStatusExecution] 9d1c024d-005a-459f-8754-a57c77091542 [2026-07-09T21:12:58.335689] npm notice (STDOUT, STG)#
#2026 07 09 21:16:43.024#Z#DEBUG#45c26d9f-7bdb-11f1-89dc-eeee0a879607.Healthcare-srv#flowable-async-job-executor-thread-31447#
[PollStageAppStatusExecution] 9d1c024d-005a-459f-8754-a57c77091542 [2026-07-09T21:12:58.406108] Installing any new modules (package.json + package-lock.json) (STDOUT, STG)#
#2026 07 09 21:16:43.024#Z#DEBUG#45c26d9f-7bdb-11f1-89dc-eeee0a879607.Healthcare-srv#flowable-async-job-executor-thread-31447#
[PollStageAppStatusExecution] 9d1c024d-005a-459f-8754-a57c77091542 [2026-07-09T21:13:00.214531] removed 57 packages in 2s (STDOUT, STG)#
#2026 07 09 21:16:43.024#Z#DEBUG#45c26d9f-7bdb-11f1-89dc-eeee0a879607.Healthcare-srv#flowable-async-job-executor-thread-31447#
[PollStageAppStatusExecution] 9d1c024d-005a-459f-8754-a57c77091542 [2026-07-09T21:13:00.214862] 28 packages are looking for funding (STDOUT, STG)#
#2026 07 09 21:16:43.024#Z#DEBUG#45c26d9f-7bdb-11f1-89dc-eeee0a879607.Healthcare-srv#flowable-async-job-executor-thread-31447#
[PollStageAppStatusExecution] 9d1c024d-005a-459f-8754-a57c77091542 [2026-07-09T21:13:00.214980] run `npm fund` for details (STDOUT, STG)#
#2026 07 09 21:16:43.024#Z#DEBUG#45c26d9f-7bdb-11f1-89dc-eeee0a879607.Healthcare-srv#flowable-async-job-executor-thread-31447#
[PollStageAppStatusExecution] 9d1c024d-005a-459f-8754-a57c77091542 [2026-07-09T21:13:01.401220] Contrast Security no credentials found. Will not write environment files. (STDOUT, STG)#
#2026 07 09 21:16:43.024#Z#DEBUG#45c26d9f-7bdb-11f1-89dc-eeee0a879607.Healthcare-srv#flowable-async-job-executor-thread-31447#
[PollStageAppStatusExecution] 9d1c024d-005a-459f-8754-a57c77091542 [2026-07-09T21:13:12.304375] Exit status 0 (STDOUT, STG)#
#2026 07 09 21:16:43.024#Z#DEBUG#45c26d9f-7bdb-11f1-89dc-eeee0a879607.Healthcare-srv#flowable-async-job-executor-thread-31447#
[PollStageAppStatusExecution] 9d1c024d-005a-459f-8754-a57c77091542 [2026-07-09T21:13:12.304440] Uploading droplet, build artifacts cache... (STDOUT, STG)#
#2026 07 09 21:16:43.024#Z#DEBUG#45c26d9f-7bdb-11f1-89dc-eeee0a879607.Healthcare-srv#flowable-async-job-executor-thread-31447#
[PollStageAppStatusExecution] 9d1c024d-005a-459f-8754-a57c77091542 [2026-07-09T21:13:12.304509] Uploading droplet... (STDOUT, STG)#
#2026 07 09 21:16:43.024#Z#DEBUG#45c26d9f-7bdb-11f1-89dc-eeee0a879607.Healthcare-srv#flowable-async-job-executor-thread-31447#
[PollStageAppStatusExecution] 9d1c024d-005a-459f-8754-a57c77091542 [2026-07-09T21:13:12.304617] Uploading build artifacts cache... (STDOUT, STG)#
#2026 07 09 21:16:43.024#Z#DEBUG#45c26d9f-7bdb-11f1-89dc-eeee0a879607.Healthcare-srv#flowable-async-job-executor-thread-31447#
[PollStageAppStatusExecution] 9d1c024d-005a-459f-8754-a57c77091542 [2026-07-09T21:13:12.335905] Uploaded build artifacts cache (225B) (STDOUT, STG)#
#2026 07 09 21:16:43.024#Z#DEBUG#45c26d9f-7bdb-11f1-89dc-eeee0a879607.Healthcare-srv#flowable-async-job-executor-thread-31447#
[PollStageAppStatusExecution] 9d1c024d-005a-459f-8754-a57c77091542 [2026-07-09T21:13:13.070671] Creating droplet for app with guid 9d1c024d-005a-459f-8754-a57c77091542 (STDOUT, API)#
#2026 07 09 21:16:43.024#Z#DEBUG#45c26d9f-7bdb-11f1-89dc-eeee0a879607.Healthcare-srv#flowable-async-job-executor-thread-31447#
[PollStageAppStatusExecution] 9d1c024d-005a-459f-8754-a57c77091542 [2026-07-09T21:13:16.138645] Uploaded droplet (60.1M) (STDOUT, STG)#
#2026 07 09 21:16:43.024#Z#DEBUG#45c26d9f-7bdb-11f1-89dc-eeee0a879607.Healthcare-srv#flowable-async-job-executor-thread-31447#
[PollStageAppStatusExecution] 9d1c024d-005a-459f-8754-a57c77091542 [2026-07-09T21:13:16.168930] Uploading complete (STDOUT, STG)#
#2026 07 09 21:16:43.024#Z#DEBUG#45c26d9f-7bdb-11f1-89dc-eeee0a879607.Healthcare-srv#flowable-async-job-executor-thread-31447#
[PollStageAppStatusExecution] 9d1c024d-005a-459f-8754-a57c77091542 [2026-07-09T21:13:17.038866] Cell 77283d80-dfa7-40ba-ba4e-265aef112085 stopping instance 3dd86260-2c93-461b-83fb-075363d13909 (STDOUT, STG)#
#2026 07 09 21:16:43.024#Z#DEBUG#45c26d9f-7bdb-11f1-89dc-eeee0a879607.Healthcare-srv#flowable-async-job-executor-thread-31447#
[PollStageAppStatusExecution] 9d1c024d-005a-459f-8754-a57c77091542 [2026-07-09T21:13:17.038908] Cell 77283d80-dfa7-40ba-ba4e-265aef112085 destroying container for instance 3dd86260-2c93-461b-83fb-075363d13909 (STDOUT, STG)#
#2026 07 09 21:16:43.024#Z#DEBUG#45c26d9f-7bdb-11f1-89dc-eeee0a879607.Healthcare-srv#flowable-async-job-executor-thread-31447#
[PollStageAppStatusExecution] 9d1c024d-005a-459f-8754-a57c77091542 [2026-07-09T21:13:17.085349] Staging complete for build 3dd86260-2c93-461b-83fb-075363d13909 (STDOUT, API)#
#2026 07 09 21:16:43.024#Z#DEBUG#45c26d9f-7bdb-11f1-89dc-eeee0a879607.Healthcare-srv#flowable-async-job-executor-thread-31447#
[PollStageAppStatusExecution] 9d1c024d-005a-459f-8754-a57c77091542 [2026-07-09T21:13:20.133410] Cell 77283d80-dfa7-40ba-ba4e-265aef112085 successfully destroyed container for instance 3dd86260-2c93-461b-83fb-075363d13909 (STDOUT, STG)#
#2026 07 09 21:16:43.024#Z#DEBUG#45c26d9f-7bdb-11f1-89dc-eeee0a879607.Healthcare-srv#flowable-async-job-executor-thread-31447#
[PollStageAppStatusExecution] 9d1c024d-005a-459f-8754-a57c77091542 [2026-07-09T21:13:22.379573] Updated app with guid 9d1c024d-005a-459f-8754-a57c77091542 ({:droplet_guid=>"5b46ae87-10d7-437b-ab32-a9f7b390e075"}) (STDOUT, API)#
#2026 07 09 21:16:43.024#Z#DEBUG#45c26d9f-7bdb-11f1-89dc-eeee0a879607.Healthcare-srv#flowable-async-job-executor-thread-31447#
[PollStageAppStatusExecution] 9d1c024d-005a-459f-8754-a57c77091542 [2026-07-09T21:13:22.524793] Creating revision for app with guid 9d1c024d-005a-459f-8754-a57c77091542 (STDOUT, API)#
#2026 07 09 21:16:43.024#Z#DEBUG#45c26d9f-7bdb-11f1-89dc-eeee0a879607.Healthcare-srv#flowable-async-job-executor-thread-31447#
[PollStageAppStatusExecution] 9d1c024d-005a-459f-8754-a57c77091542 [2026-07-09T21:13:22.559159] Starting app with guid 9d1c024d-005a-459f-8754-a57c77091542 (STDOUT, API)#
#2026 07 09 21:16:43.024#Z#DEBUG#45c26d9f-7bdb-11f1-89dc-eeee0a879607.Healthcare-srv#flowable-async-job-executor-thread-31447#
[PollStageAppStatusExecution] 9d1c024d-005a-459f-8754-a57c77091542 [2026-07-09T21:13:23.078165] Cell 77283d80-dfa7-40ba-ba4e-265aef112085 creating container for instance 2d54dfca-b8a2-42e4-7895-1b48 (STDOUT, CELL)#
#2026 07 09 21:16:43.024#Z#DEBUG#45c26d9f-7bdb-11f1-89dc-eeee0a879607.Healthcare-srv#flowable-async-job-executor-thread-31447#
[PollStageAppStatusExecution] 9d1c024d-005a-459f-8754-a57c77091542 [2026-07-09T21:13:24.155199] Security group rules were updated (STDOUT, CELL)#
#2026 07 09 21:16:43.024#Z#DEBUG#45c26d9f-7bdb-11f1-89dc-eeee0a879607.Healthcare-srv#flowable-async-job-executor-thread-31447#
[PollStageAppStatusExecution] 9d1c024d-005a-459f-8754-a57c77091542 [2026-07-09T21:13:24.256035] Cell 77283d80-dfa7-40ba-ba4e-265aef112085 successfully created container for instance 2d54dfca-b8a2-42e4-7895-1b48 (STDOUT, CELL)#
#2026 07 09 21:16:43.024#Z#DEBUG#45c26d9f-7bdb-11f1-89dc-eeee0a879607.Healthcare-srv#flowable-async-job-executor-thread-31447#
[PollStageAppStatusExecution] 9d1c024d-005a-459f-8754-a57c77091542 [2026-07-09T21:13:25.128656] Downloading droplet... (STDOUT, CELL)#
#2026 07 09 21:16:43.024#Z#DEBUG#45c26d9f-7bdb-11f1-89dc-eeee0a879607.Healthcare-srv#flowable-async-job-executor-thread-31447#
[PollStageAppStatusExecution] 9d1c024d-005a-459f-8754-a57c77091542 [2026-07-09T21:13:30.266017] Downloaded droplet (60.1M) (STDOUT, CELL)#
#2026 07 09 21:16:43.024#Z#DEBUG#45c26d9f-7bdb-11f1-89dc-eeee0a879607.Healthcare-srv#flowable-async-job-executor-thread-31447#
[PollStageAppStatusExecution] 9d1c024d-005a-459f-8754-a57c77091542 [2026-07-09T21:13:30.266143] Starting health monitoring of container (STDOUT, CELL)#
#2026 07 09 21:16:43.024#Z#DEBUG#45c26d9f-7bdb-11f1-89dc-eeee0a879607.Healthcare-srv#flowable-async-job-executor-thread-31447#
[PollStageAppStatusExecution] 9d1c024d-005a-459f-8754-a57c77091542 [2026-07-09T21:13:30.426241] Invoking pre-start scripts. (STDOUT, APP/PROC/WEB)#
#2026 07 09 21:16:43.024#Z#DEBUG#45c26d9f-7bdb-11f1-89dc-eeee0a879607.Healthcare-srv#flowable-async-job-executor-thread-31447#
[PollStageAppStatusExecution] 9d1c024d-005a-459f-8754-a57c77091542 [2026-07-09T21:13:30.677307] Invoking start command. (STDOUT, APP/PROC/WEB)#
#2026 07 09 21:16:43.024#Z#DEBUG#45c26d9f-7bdb-11f1-89dc-eeee0a879607.Healthcare-srv#flowable-async-job-executor-thread-31447#
[PollStageAppStatusExecution] 9d1c024d-005a-459f-8754-a57c77091542 [2026-07-09T21:13:31.335229] > Healthcare@1.0.0 start (STDOUT, APP/PROC/WEB)#
#2026 07 09 21:16:43.024#Z#DEBUG#45c26d9f-7bdb-11f1-89dc-eeee0a879607.Healthcare-srv#flowable-async-job-executor-thread-31447#
[PollStageAppStatusExecution] 9d1c024d-005a-459f-8754-a57c77091542 [2026-07-09T21:13:31.335263] > cds-serve (STDOUT, APP/PROC/WEB)#
#2026 07 09 21:16:43.024#Z#DEBUG#45c26d9f-7bdb-11f1-89dc-eeee0a879607.Healthcare-srv#flowable-async-job-executor-thread-31447#
[PollStageAppStatusExecution] 9d1c024d-005a-459f-8754-a57c77091542 [2026-07-09T21:13:31.789767] {"level":"info","logger":"cds","timestamp":"2026-07-09T21:13:31.788Z","layer":"cds","component_type":"application","container_id":"10.32.3.6","component_id":"9d1c024d-005a-459f-8754-a57c77091542","component_name":"Healthcare-srv","component_instance":0,"source_instance":0,"organization_name":"bcb690b7trial","organization_id":"8d433576-21a6-48b1-9f1e-48c3f2842a60","space_name":"dev","space_id":"66a4068c-cfb7-4dbd-a8e8-7c5ad752ba3c","msg":"loaded model from 1 file(s):\n ","type":"log"} (STDOUT, APP/PROC/WEB)#
#2026 07 09 21:16:43.024#Z#DEBUG#45c26d9f-7bdb-11f1-89dc-eeee0a879607.Healthcare-srv#flowable-async-job-executor-thread-31447#
[PollStageAppStatusExecution] 9d1c024d-005a-459f-8754-a57c77091542 [2026-07-09T21:13:31.790295] srv/csn.json (STDOUT, APP/PROC/WEB)#
#2026 07 09 21:16:43.024#Z#DEBUG#45c26d9f-7bdb-11f1-89dc-eeee0a879607.Healthcare-srv#flowable-async-job-executor-thread-31447#
[PollStageAppStatusExecution] 9d1c024d-005a-459f-8754-a57c77091542 [2026-07-09T21:13:32.127025] {"level":"info","logger":"cds","timestamp":"2026-07-09T21:13:32.125Z","layer":"cds","component_type":"application","container_id":"10.32.3.6","component_id":"9d1c024d-005a-459f-8754-a57c77091542","component_name":"Healthcare-srv","component_instance":0,"source_instance":0,"organization_name":"bcb690b7trial","organization_id":"8d433576-21a6-48b1-9f1e-48c3f2842a60","space_name":"dev","space_id":"66a4068c-cfb7-4dbd-a8e8-7c5ad752ba3c","msg":"connect to db > hana {\n  database_id: 'c092593f-086f-48fb-b23d-b816faabc169',\n  host: 'c092593f-086f-48fb-b23d-b816faabc169.hna1.prod-us10.hanacloud.ondemand.com',\n  port: '443',\n  driver: 'com.sap.db.jdbc.Driver',\n  url: 'jdbc:sap://c092593f-086f-48fb-b23d-b816faabc169.hna1.prod-us10.hanacloud.ondemand.com:443?encrypt=true&validateCertificate=true&currentschema=20D1E82AB84A40B6AB33B42C1EBF367D',\n  schema: '20D1E82AB84A40B6AB33B42C1EBF367D',\n  certificate: '...',\n  hdi_user: '20D1E82AB84A40B6AB33B42C1EBF367D_8G2MMPM1DUWD7WJG53EX9FZP6_DT',\n  hdi_password: '...',\n  user: '20D1E82AB84A40B6AB33B42C1EBF367D_8G2MMPM1DUWD7WJG53EX9FZP6_RT',\n  password: '...'\n}","type":"log"} (STDOUT, APP/PROC/WEB)#
#2026 07 09 21:16:43.024#Z#DEBUG#45c26d9f-7bdb-11f1-89dc-eeee0a879607.Healthcare-srv#flowable-async-job-executor-thread-31447#
[PollStageAppStatusExecution] 9d1c024d-005a-459f-8754-a57c77091542 [2026-07-09T21:13:32.170368] {"level":"info","logger":"cds","timestamp":"2026-07-09T21:13:32.169Z","layer":"cds","component_type":"application","container_id":"10.32.3.6","component_id":"9d1c024d-005a-459f-8754-a57c77091542","component_name":"Healthcare-srv","component_instance":0,"source_instance":0,"organization_name":"bcb690b7trial","organization_id":"8d433576-21a6-48b1-9f1e-48c3f2842a60","space_name":"dev","space_id":"66a4068c-cfb7-4dbd-a8e8-7c5ad752ba3c","msg":"using auth strategy { kind: 'xsuaa' }","type":"log"} (STDOUT, APP/PROC/WEB)#
#2026 07 09 21:16:43.024#Z#DEBUG#45c26d9f-7bdb-11f1-89dc-eeee0a879607.Healthcare-srv#flowable-async-job-executor-thread-31447#
[PollStageAppStatusExecution] 9d1c024d-005a-459f-8754-a57c77091542 [2026-07-09T21:13:32.240574] {"level":"info","logger":"cds","timestamp":"2026-07-09T21:13:32.240Z","layer":"cds","component_type":"application","container_id":"10.32.3.6","component_id":"9d1c024d-005a-459f-8754-a57c77091542","component_name":"Healthcare-srv","component_instance":0,"source_instance":0,"organization_name":"bcb690b7trial","organization_id":"8d433576-21a6-48b1-9f1e-48c3f2842a60","space_name":"dev","space_id":"66a4068c-cfb7-4dbd-a8e8-7c5ad752ba3c","msg":"serving DoctorService {\n  at: [ '/odata/v4/doctor' ],\n  decl: 'srv/csn.json:430',\n  impl: 'srv/doctor-service.js'\n}","type":"log"} (STDOUT, APP/PROC/WEB)#
#2026 07 09 21:16:43.024#Z#DEBUG#45c26d9f-7bdb-11f1-89dc-eeee0a879607.Healthcare-srv#flowable-async-job-executor-thread-31447#
[PollStageAppStatusExecution] 9d1c024d-005a-459f-8754-a57c77091542 [2026-07-09T21:13:32.241466] {"level":"info","logger":"cds","timestamp":"2026-07-09T21:13:32.241Z","layer":"cds","component_type":"application","container_id":"10.32.3.6","component_id":"9d1c024d-005a-459f-8754-a57c77091542","component_name":"Healthcare-srv","component_instance":0,"source_instance":0,"organization_name":"bcb690b7trial","organization_id":"8d433576-21a6-48b1-9f1e-48c3f2842a60","space_name":"dev","space_id":"66a4068c-cfb7-4dbd-a8e8-7c5ad752ba3c","msg":"serving PatientService {\n  at: [ '/odata/v4/patient' ],\n  decl: 'srv/csn.json:965',\n  impl: 'srv/patient-service.js'\n}","type":"log"} (STDOUT, APP/PROC/WEB)#
#2026 07 09 21:16:43.024#Z#DEBUG#45c26d9f-7bdb-11f1-89dc-eeee0a879607.Healthcare-srv#flowable-async-job-executor-thread-31447#
[PollStageAppStatusExecution] 9d1c024d-005a-459f-8754-a57c77091542 [2026-07-09T21:13:32.251548] {"level":"info","logger":"cds","timestamp":"2026-07-09T21:13:32.251Z","layer":"cds","component_type":"application","container_id":"10.32.3.6","component_id":"9d1c024d-005a-459f-8754-a57c77091542","component_name":"Healthcare-srv","component_instance":0,"source_instance":0,"organization_name":"bcb690b7trial","organization_id":"8d433576-21a6-48b1-9f1e-48c3f2842a60","space_name":"dev","space_id":"66a4068c-cfb7-4dbd-a8e8-7c5ad752ba3c","msg":"server listening on { url: 'http://localhost:8080' }","type":"log"} (STDOUT, APP/PROC/WEB)#
#2026 07 09 21:16:43.024#Z#DEBUG#45c26d9f-7bdb-11f1-89dc-eeee0a879607.Healthcare-srv#flowable-async-job-executor-thread-31447#
[PollStageAppStatusExecution] 9d1c024d-005a-459f-8754-a57c77091542 [2026-07-09T21:13:32.253668] {"level":"info","logger":"cds","timestamp":"2026-07-09T21:13:32.253Z","layer":"cds","component_type":"application","container_id":"10.32.3.6","component_id":"9d1c024d-005a-459f-8754-a57c77091542","component_name":"Healthcare-srv","component_instance":0,"source_instance":0,"organization_name":"bcb690b7trial","organization_id":"8d433576-21a6-48b1-9f1e-48c3f2842a60","space_name":"dev","space_id":"66a4068c-cfb7-4dbd-a8e8-7c5ad752ba3c","msg":"server v9.9.2 launched in 902 ms","type":"log"} (STDOUT, APP/PROC/WEB)#
#2026 07 09 21:16:43.024#Z#DEBUG#45c26d9f-7bdb-11f1-89dc-eeee0a879607.Healthcare-srv#flowable-async-job-executor-thread-31447#
[PollStageAppStatusExecution] 9d1c024d-005a-459f-8754-a57c77091542 [2026-07-09T21:13:33.788480] Container became healthy (STDOUT, CELL)#
#2026 07 09 21:16:43.024#Z#DEBUG#45c26d9f-7bdb-11f1-89dc-eeee0a879607.Healthcare-srv#flowable-async-job-executor-thread-31447#
[PollStageAppStatusExecution] 9d1c024d-005a-459f-8754-a57c77091542 [2026-07-09T21:13:33.814570] Process became ready with guid 9d1c024d-005a-459f-8754-a57c77091542 payload: {"instance"=>"2d54dfca-b8a2-42e4-7895-1b48", "index"=>0, "cell_id"=>"77283d80-dfa7-40ba-ba4e-265aef112085", "ready"=>true, "version"=>"83675028-b1af-4c41-b016-9fc663876f0d"} (STDOUT, API)#
#2026 07 09 21:16:43.024#Z#DEBUG#45c26d9f-7bdb-11f1-89dc-eeee0a879607.Healthcare-srv#flowable-async-job-executor-thread-31447#
[PollStageAppStatusExecution] 9d1c024d-005a-459f-8754-a57c77091542 [2026-07-09T21:13:50.209772] Cell 77283d80-dfa7-40ba-ba4e-265aef112085 destroying container for instance e67ea37b-7ae5-4f97-74e2-8625 (STDOUT, CELL)#
#2026 07 09 21:16:43.024#Z#DEBUG#45c26d9f-7bdb-11f1-89dc-eeee0a879607.Healthcare-srv#flowable-async-job-executor-thread-31447#
[PollStageAppStatusExecution] 9d1c024d-005a-459f-8754-a57c77091542 [2026-07-09T21:13:50.566103] Exit status 137 (STDOUT, PROXY)#
#2026 07 09 21:16:43.024#Z#DEBUG#45c26d9f-7bdb-11f1-89dc-eeee0a879607.Healthcare-srv#flowable-async-job-executor-thread-31447#
[PollStageAppStatusExecution] 9d1c024d-005a-459f-8754-a57c77091542 [2026-07-09T21:13:53.012217] Cell 77283d80-dfa7-40ba-ba4e-265aef112085 successfully destroyed container for instance e67ea37b-7ae5-4f97-74e2-8625 (STDOUT, CELL)#
#2026 07 09 21:16:43.024#Z#DEBUG#45c26d9f-7bdb-11f1-89dc-eeee0a879607.Healthcare-srv#flowable-async-job-executor-thread-31447#
[PollStageAppStatusExecution] 9d1c024d-005a-459f-8754-a57c77091542 [2026-07-09T21:14:06.378960] Updated app with guid 9d1c024d-005a-459f-8754-a57c77091542 ({"lifecycle"=>{"data"=>{"buildpacks"=>["nodejs_buildpack"]}, "type"=>"buildpack"}}) (STDOUT, API)#
#2026 07 09 21:16:43.024#Z#DEBUG#45c26d9f-7bdb-11f1-89dc-eeee0a879607.Healthcare-srv#flowable-async-job-executor-thread-31447#
[PollStageAppStatusExecution] 9d1c024d-005a-459f-8754-a57c77091542 [2026-07-09T21:14:06.474710] Updating process: "web" (STDOUT, API)#
#2026 07 09 21:16:43.024#Z#DEBUG#45c26d9f-7bdb-11f1-89dc-eeee0a879607.Healthcare-srv#flowable-async-job-executor-thread-31447#
[PollStageAppStatusExecution] 9d1c024d-005a-459f-8754-a57c77091542 [2026-07-09T21:14:42.883507] Uploading app package for app with guid 9d1c024d-005a-459f-8754-a57c77091542 (STDOUT, API)#
#2026 07 09 21:16:43.024#Z#DEBUG#45c26d9f-7bdb-11f1-89dc-eeee0a879607.Healthcare-srv#flowable-async-job-executor-thread-31447#
[PollStageAppStatusExecution] 9d1c024d-005a-459f-8754-a57c77091542 [2026-07-09T21:14:43.065318] Updated app with guid 9d1c024d-005a-459f-8754-a57c77091542 ({"environment_variables"=>"[PRIVATE DATA HIDDEN]"}) (STDOUT, API)#
#2026 07 09 21:16:43.024#Z#DEBUG#45c26d9f-7bdb-11f1-89dc-eeee0a879607.Healthcare-srv#flowable-async-job-executor-thread-31447#
[PollStageAppStatusExecution] 9d1c024d-005a-459f-8754-a57c77091542 [2026-07-09T21:15:03.101309] Stopping app with guid 9d1c024d-005a-459f-8754-a57c77091542 (STDOUT, API)#
#2026 07 09 21:16:43.024#Z#DEBUG#45c26d9f-7bdb-11f1-89dc-eeee0a879607.Healthcare-srv#flowable-async-job-executor-thread-31447#
[PollStageAppStatusExecution] 9d1c024d-005a-459f-8754-a57c77091542 [2026-07-09T21:15:03.149033] Cell 77283d80-dfa7-40ba-ba4e-265aef112085 stopping instance 2d54dfca-b8a2-42e4-7895-1b48 (STDOUT, CELL)#
#2026 07 09 21:16:43.024#Z#DEBUG#45c26d9f-7bdb-11f1-89dc-eeee0a879607.Healthcare-srv#flowable-async-job-executor-thread-31447#
[PollStageAppStatusExecution] 9d1c024d-005a-459f-8754-a57c77091542 [2026-07-09T21:15:03.342096] Creating build for app with guid 9d1c024d-005a-459f-8754-a57c77091542 (STDOUT, API)#
#2026 07 09 21:16:43.024#Z#DEBUG#45c26d9f-7bdb-11f1-89dc-eeee0a879607.Healthcare-srv#flowable-async-job-executor-thread-31447#
[PollStageAppStatusExecution] 9d1c024d-005a-459f-8754-a57c77091542 [2026-07-09T21:15:03.880067] Downloading nodejs_buildpack... (STDOUT, STG)#
#2026 07 09 21:16:43.024#Z#DEBUG#45c26d9f-7bdb-11f1-89dc-eeee0a879607.Healthcare-srv#flowable-async-job-executor-thread-31447#
[PollStageAppStatusExecution] 9d1c024d-005a-459f-8754-a57c77091542 [2026-07-09T21:15:03.923706] Downloaded nodejs_buildpack (STDOUT, STG)#
#2026 07 09 21:16:43.024#Z#DEBUG#45c26d9f-7bdb-11f1-89dc-eeee0a879607.Healthcare-srv#flowable-async-job-executor-thread-31447#
[PollStageAppStatusExecution] 9d1c024d-005a-459f-8754-a57c77091542 [2026-07-09T21:15:03.923794] Cell d1cc041a-d5a1-41d6-b9f6-6cda736ce3f0 creating container for instance 7d11d459-e2d6-434f-8304-2670b5c0447a (STDOUT, STG)#
#2026 07 09 21:16:43.024#Z#DEBUG#45c26d9f-7bdb-11f1-89dc-eeee0a879607.Healthcare-srv#flowable-async-job-executor-thread-31447#
[PollStageAppStatusExecution] 9d1c024d-005a-459f-8754-a57c77091542 [2026-07-09T21:15:04.857966] Security group rules were updated (STDOUT, STG)#
#2026 07 09 21:16:43.024#Z#DEBUG#45c26d9f-7bdb-11f1-89dc-eeee0a879607.Healthcare-srv#flowable-async-job-executor-thread-31447#
[PollStageAppStatusExecution] 9d1c024d-005a-459f-8754-a57c77091542 [2026-07-09T21:15:04.951828] Cell d1cc041a-d5a1-41d6-b9f6-6cda736ce3f0 successfully created container for instance 7d11d459-e2d6-434f-8304-2670b5c0447a (STDOUT, STG)#
#2026 07 09 21:16:43.024#Z#DEBUG#45c26d9f-7bdb-11f1-89dc-eeee0a879607.Healthcare-srv#flowable-async-job-executor-thread-31447#
[PollStageAppStatusExecution] 9d1c024d-005a-459f-8754-a57c77091542 [2026-07-09T21:15:05.395727] Downloading app package... (STDOUT, STG)#
#2026 07 09 21:16:43.024#Z#DEBUG#45c26d9f-7bdb-11f1-89dc-eeee0a879607.Healthcare-srv#flowable-async-job-executor-thread-31447#
[PollStageAppStatusExecution] 9d1c024d-005a-459f-8754-a57c77091542 [2026-07-09T21:15:05.395754] Downloading build artifacts cache... (STDOUT, STG)#
#2026 07 09 21:16:43.024#Z#DEBUG#45c26d9f-7bdb-11f1-89dc-eeee0a879607.Healthcare-srv#flowable-async-job-executor-thread-31447#
[PollStageAppStatusExecution] 9d1c024d-005a-459f-8754-a57c77091542 [2026-07-09T21:15:05.519131] Downloaded build artifacts cache (225B) (STDOUT, STG)#
#2026 07 09 21:16:43.024#Z#DEBUG#45c26d9f-7bdb-11f1-89dc-eeee0a879607.Healthcare-srv#flowable-async-job-executor-thread-31447#
[PollStageAppStatusExecution] 9d1c024d-005a-459f-8754-a57c77091542 [2026-07-09T21:15:06.463953] Downloaded app package (6.9M) (STDOUT, STG)#
#2026 07 09 21:16:43.024#Z#DEBUG#45c26d9f-7bdb-11f1-89dc-eeee0a879607.Healthcare-srv#flowable-async-job-executor-thread-31447#
[PollStageAppStatusExecution] 9d1c024d-005a-459f-8754-a57c77091542 [2026-07-09T21:15:06.592955] -----> Nodejs Buildpack version 1.9.2 (STDOUT, STG)#
#2026 07 09 21:16:43.024#Z#DEBUG#45c26d9f-7bdb-11f1-89dc-eeee0a879607.Healthcare-srv#flowable-async-job-executor-thread-31447#
[PollStageAppStatusExecution] 9d1c024d-005a-459f-8754-a57c77091542 [2026-07-09T21:15:07.146281] -----> Bootstrapping python (STDOUT, STG)#
#2026 07 09 21:16:43.024#Z#DEBUG#45c26d9f-7bdb-11f1-89dc-eeee0a879607.Healthcare-srv#flowable-async-job-executor-thread-31447#
[PollStageAppStatusExecution] 9d1c024d-005a-459f-8754-a57c77091542 [2026-07-09T21:15:07.146318] -----> Installing python 3.13.13 (STDOUT, STG)#
#2026 07 09 21:16:43.024#Z#DEBUG#45c26d9f-7bdb-11f1-89dc-eeee0a879607.Healthcare-srv#flowable-async-job-executor-thread-31447#
[PollStageAppStatusExecution] 9d1c024d-005a-459f-8754-a57c77091542 [2026-07-09T21:15:07.146336] Copy [/tmp/buildpacks/17bd89c67d092631/dependencies/268a5e3743d51a14b86ea9da64439307/python_3.13.13_linux_x64_cflinuxfs4_8311abbf.tgz] (STDOUT, STG)#
#2026 07 09 21:16:43.024#Z#DEBUG#45c26d9f-7bdb-11f1-89dc-eeee0a879607.Healthcare-srv#flowable-async-job-executor-thread-31447#
[PollStageAppStatusExecution] 9d1c024d-005a-459f-8754-a57c77091542 [2026-07-09T21:15:11.873043] -----> Installing binaries (STDOUT, STG)#
#2026 07 09 21:16:43.024#Z#DEBUG#45c26d9f-7bdb-11f1-89dc-eeee0a879607.Healthcare-srv#flowable-async-job-executor-thread-31447#
[PollStageAppStatusExecution] 9d1c024d-005a-459f-8754-a57c77091542 [2026-07-09T21:15:11.873313] engines.node (package.json): >=20 (STDOUT, STG)#
#2026 07 09 21:16:43.024#Z#DEBUG#45c26d9f-7bdb-11f1-89dc-eeee0a879607.Healthcare-srv#flowable-async-job-executor-thread-31447#
[PollStageAppStatusExecution] 9d1c024d-005a-459f-8754-a57c77091542 [2026-07-09T21:15:11.873326] engines.npm (package.json): unspecified (use default) (STDOUT, STG)#
#2026 07 09 21:16:43.024#Z#DEBUG#45c26d9f-7bdb-11f1-89dc-eeee0a879607.Healthcare-srv#flowable-async-job-executor-thread-31447#
[PollStageAppStatusExecution] 9d1c024d-005a-459f-8754-a57c77091542 [2026-07-09T21:15:11.873330] [31;1m**WARNING**[0m Dangerous semver range (>) in engines.node. See: http://docs.cloudfoundry.org/buildpacks/node/node-tips.html (STDOUT, STG)#
#2026 07 09 21:16:43.024#Z#DEBUG#45c26d9f-7bdb-11f1-89dc-eeee0a879607.Healthcare-srv#flowable-async-job-executor-thread-31447#
[PollStageAppStatusExecution] 9d1c024d-005a-459f-8754-a57c77091542 [2026-07-09T21:15:11.873414] -----> Installing node 24.15.0 (STDOUT, STG)#
#2026 07 09 21:16:43.024#Z#DEBUG#45c26d9f-7bdb-11f1-89dc-eeee0a879607.Healthcare-srv#flowable-async-job-executor-thread-31447#
[PollStageAppStatusExecution] 9d1c024d-005a-459f-8754-a57c77091542 [2026-07-09T21:15:11.873562] Copy [/tmp/buildpacks/17bd89c67d092631/dependencies/6441e97e6386f47ec4c16cfdf8db0a17/node_24.15.0_linux_x64_cflinuxfs4_1a62d98b.tgz] (STDOUT, STG)#
#2026 07 09 21:16:43.024#Z#DEBUG#45c26d9f-7bdb-11f1-89dc-eeee0a879607.Healthcare-srv#flowable-async-job-executor-thread-31447#
[PollStageAppStatusExecution] 9d1c024d-005a-459f-8754-a57c77091542 [2026-07-09T21:15:14.489952] Using default npm version: 11.12.1 (STDOUT, STG)#
#2026 07 09 21:16:43.024#Z#DEBUG#45c26d9f-7bdb-11f1-89dc-eeee0a879607.Healthcare-srv#flowable-async-job-executor-thread-31447#
[PollStageAppStatusExecution] 9d1c024d-005a-459f-8754-a57c77091542 [2026-07-09T21:15:14.489974] -----> Installing yarn 1.22.22 (STDOUT, STG)#
#2026 07 09 21:16:43.024#Z#DEBUG#45c26d9f-7bdb-11f1-89dc-eeee0a879607.Healthcare-srv#flowable-async-job-executor-thread-31447#
[PollStageAppStatusExecution] 9d1c024d-005a-459f-8754-a57c77091542 [2026-07-09T21:15:14.490102] Copy [/tmp/buildpacks/17bd89c67d092631/dependencies/e4fe26756e9984a665478d350474fa2e/yarn_1.22.22_linux_noarch_any-stack_b6132b86.tgz] (STDOUT, STG)#
#2026 07 09 21:16:43.024#Z#DEBUG#45c26d9f-7bdb-11f1-89dc-eeee0a879607.Healthcare-srv#flowable-async-job-executor-thread-31447#
[PollStageAppStatusExecution] 9d1c024d-005a-459f-8754-a57c77091542 [2026-07-09T21:15:14.895059] Installed yarn 1.22.22 (STDOUT, STG)#
#2026 07 09 21:16:43.024#Z#DEBUG#45c26d9f-7bdb-11f1-89dc-eeee0a879607.Healthcare-srv#flowable-async-job-executor-thread-31447#
[PollStageAppStatusExecution] 9d1c024d-005a-459f-8754-a57c77091542 [2026-07-09T21:15:14.895080] -----> Creating runtime environment (STDOUT, STG)#
#2026 07 09 21:16:43.024#Z#DEBUG#45c26d9f-7bdb-11f1-89dc-eeee0a879607.Healthcare-srv#flowable-async-job-executor-thread-31447#
[PollStageAppStatusExecution] 9d1c024d-005a-459f-8754-a57c77091542 [2026-07-09T21:15:14.896796] NODE_ENV=production (STDOUT, STG)#
#2026 07 09 21:16:43.024#Z#DEBUG#45c26d9f-7bdb-11f1-89dc-eeee0a879607.Healthcare-srv#flowable-async-job-executor-thread-31447#
[PollStageAppStatusExecution] 9d1c024d-005a-459f-8754-a57c77091542 [2026-07-09T21:15:14.896811] NODE_HOME=/tmp/contents2023906419/deps/0/node (STDOUT, STG)#
#2026 07 09 21:16:43.024#Z#DEBUG#45c26d9f-7bdb-11f1-89dc-eeee0a879607.Healthcare-srv#flowable-async-job-executor-thread-31447#
[PollStageAppStatusExecution] 9d1c024d-005a-459f-8754-a57c77091542 [2026-07-09T21:15:14.896814] NODE_MODULES_CACHE=true (STDOUT, STG)#
#2026 07 09 21:16:43.024#Z#DEBUG#45c26d9f-7bdb-11f1-89dc-eeee0a879607.Healthcare-srv#flowable-async-job-executor-thread-31447#
[PollStageAppStatusExecution] 9d1c024d-005a-459f-8754-a57c77091542 [2026-07-09T21:15:14.896816] NODE_VERBOSE=false (STDOUT, STG)#
#2026 07 09 21:16:43.024#Z#DEBUG#45c26d9f-7bdb-11f1-89dc-eeee0a879607.Healthcare-srv#flowable-async-job-executor-thread-31447#
[PollStageAppStatusExecution] 9d1c024d-005a-459f-8754-a57c77091542 [2026-07-09T21:15:14.896818] NPM_CONFIG_LOGLEVEL=error (STDOUT, STG)#
#2026 07 09 21:16:43.024#Z#DEBUG#45c26d9f-7bdb-11f1-89dc-eeee0a879607.Healthcare-srv#flowable-async-job-executor-thread-31447#
[PollStageAppStatusExecution] 9d1c024d-005a-459f-8754-a57c77091542 [2026-07-09T21:15:14.896826] NPM_CONFIG_PRODUCTION=true (STDOUT, STG)#
#2026 07 09 21:16:43.024#Z#DEBUG#45c26d9f-7bdb-11f1-89dc-eeee0a879607.Healthcare-srv#flowable-async-job-executor-thread-31447#
[PollStageAppStatusExecution] 9d1c024d-005a-459f-8754-a57c77091542 [2026-07-09T21:15:14.896974] -----> Building dependencies (STDOUT, STG)#
#2026 07 09 21:16:43.024#Z#DEBUG#45c26d9f-7bdb-11f1-89dc-eeee0a879607.Healthcare-srv#flowable-async-job-executor-thread-31447#
[PollStageAppStatusExecution] 9d1c024d-005a-459f-8754-a57c77091542 [2026-07-09T21:15:14.896983] Prebuild detected (node_modules already exists) (STDOUT, STG)#
#2026 07 09 21:16:43.024#Z#DEBUG#45c26d9f-7bdb-11f1-89dc-eeee0a879607.Healthcare-srv#flowable-async-job-executor-thread-31447#
[PollStageAppStatusExecution] 9d1c024d-005a-459f-8754-a57c77091542 [2026-07-09T21:15:14.896985] Rebuilding any native modules (STDOUT, STG)#
#2026 07 09 21:16:43.024#Z#DEBUG#45c26d9f-7bdb-11f1-89dc-eeee0a879607.Healthcare-srv#flowable-async-job-executor-thread-31447#
[PollStageAppStatusExecution] 9d1c024d-005a-459f-8754-a57c77091542 [2026-07-09T21:15:15.705278] rebuilt dependencies successfully (STDOUT, STG)#
#2026 07 09 21:16:43.024#Z#DEBUG#45c26d9f-7bdb-11f1-89dc-eeee0a879607.Healthcare-srv#flowable-async-job-executor-thread-31447#
[PollStageAppStatusExecution] 9d1c024d-005a-459f-8754-a57c77091542 [2026-07-09T21:15:15.707470] npm notice (STDOUT, STG)#
#2026 07 09 21:16:43.024#Z#DEBUG#45c26d9f-7bdb-11f1-89dc-eeee0a879607.Healthcare-srv#flowable-async-job-executor-thread-31447#
[PollStageAppStatusExecution] 9d1c024d-005a-459f-8754-a57c77091542 [2026-07-09T21:15:15.707484] npm notice New major version of npm available! 11.12.1 -> 12.0.0 (STDOUT, STG)#
#2026 07 09 21:16:43.024#Z#DEBUG#45c26d9f-7bdb-11f1-89dc-eeee0a879607.Healthcare-srv#flowable-async-job-executor-thread-31447#
[PollStageAppStatusExecution] 9d1c024d-005a-459f-8754-a57c77091542 [2026-07-09T21:15:15.707494] npm notice Changelog: https://github.com/npm/cli/releases/tag/v12.0.0 (STDOUT, STG)#
#2026 07 09 21:16:43.024#Z#DEBUG#45c26d9f-7bdb-11f1-89dc-eeee0a879607.Healthcare-srv#flowable-async-job-executor-thread-31447#
[PollStageAppStatusExecution] 9d1c024d-005a-459f-8754-a57c77091542 [2026-07-09T21:15:15.707497] npm notice To update run: npm install -g npm@12.0.0 (STDOUT, STG)#
#2026 07 09 21:16:43.024#Z#DEBUG#45c26d9f-7bdb-11f1-89dc-eeee0a879607.Healthcare-srv#flowable-async-job-executor-thread-31447#
[PollStageAppStatusExecution] 9d1c024d-005a-459f-8754-a57c77091542 [2026-07-09T21:15:15.707499] npm notice (STDOUT, STG)#
#2026 07 09 21:16:43.024#Z#DEBUG#45c26d9f-7bdb-11f1-89dc-eeee0a879607.Healthcare-srv#flowable-async-job-executor-thread-31447#
[PollStageAppStatusExecution] 9d1c024d-005a-459f-8754-a57c77091542 [2026-07-09T21:15:15.769332] Installing any new modules (package.json + package-lock.json) (STDOUT, STG)#
#2026 07 09 21:16:43.024#Z#DEBUG#45c26d9f-7bdb-11f1-89dc-eeee0a879607.Healthcare-srv#flowable-async-job-executor-thread-31447#
[PollStageAppStatusExecution] 9d1c024d-005a-459f-8754-a57c77091542 [2026-07-09T21:15:17.086445] removed 57 packages in 1s (STDOUT, STG)#
#2026 07 09 21:16:43.024#Z#DEBUG#45c26d9f-7bdb-11f1-89dc-eeee0a879607.Healthcare-srv#flowable-async-job-executor-thread-31447#
[PollStageAppStatusExecution] 9d1c024d-005a-459f-8754-a57c77091542 [2026-07-09T21:15:17.086822] 28 packages are looking for funding (STDOUT, STG)#
#2026 07 09 21:16:43.024#Z#DEBUG#45c26d9f-7bdb-11f1-89dc-eeee0a879607.Healthcare-srv#flowable-async-job-executor-thread-31447#
[PollStageAppStatusExecution] 9d1c024d-005a-459f-8754-a57c77091542 [2026-07-09T21:15:17.086979] run `npm fund` for details (STDOUT, STG)#
#2026 07 09 21:16:43.024#Z#DEBUG#45c26d9f-7bdb-11f1-89dc-eeee0a879607.Healthcare-srv#flowable-async-job-executor-thread-31447#
[PollStageAppStatusExecution] 9d1c024d-005a-459f-8754-a57c77091542 [2026-07-09T21:15:18.018477] Contrast Security no credentials found. Will not write environment files. (STDOUT, STG)#
#2026 07 09 21:16:43.024#Z#DEBUG#45c26d9f-7bdb-11f1-89dc-eeee0a879607.Healthcare-srv#flowable-async-job-executor-thread-31447#
[PollStageAppStatusExecution] 9d1c024d-005a-459f-8754-a57c77091542 [2026-07-09T21:15:28.377435] Exit status 0 (STDOUT, STG)#
#2026 07 09 21:16:43.024#Z#DEBUG#45c26d9f-7bdb-11f1-89dc-eeee0a879607.Healthcare-srv#flowable-async-job-executor-thread-31447#
[PollStageAppStatusExecution] 9d1c024d-005a-459f-8754-a57c77091542 [2026-07-09T21:15:28.377485] Uploading droplet, build artifacts cache... (STDOUT, STG)#
#2026 07 09 21:16:43.024#Z#DEBUG#45c26d9f-7bdb-11f1-89dc-eeee0a879607.Healthcare-srv#flowable-async-job-executor-thread-31447#
[PollStageAppStatusExecution] 9d1c024d-005a-459f-8754-a57c77091542 [2026-07-09T21:15:28.377521] Uploading build artifacts cache... (STDOUT, STG)#
#2026 07 09 21:16:43.024#Z#DEBUG#45c26d9f-7bdb-11f1-89dc-eeee0a879607.Healthcare-srv#flowable-async-job-executor-thread-31447#
[PollStageAppStatusExecution] 9d1c024d-005a-459f-8754-a57c77091542 [2026-07-09T21:15:28.377576] Uploading droplet... (STDOUT, STG)#
#2026 07 09 21:16:43.024#Z#DEBUG#45c26d9f-7bdb-11f1-89dc-eeee0a879607.Healthcare-srv#flowable-async-job-executor-thread-31447#
[PollStageAppStatusExecution] 9d1c024d-005a-459f-8754-a57c77091542 [2026-07-09T21:15:28.407603] Uploaded build artifacts cache (228B) (STDOUT, STG)#
#2026 07 09 21:16:43.024#Z#DEBUG#45c26d9f-7bdb-11f1-89dc-eeee0a879607.Healthcare-srv#flowable-async-job-executor-thread-31447#
[PollStageAppStatusExecution] 9d1c024d-005a-459f-8754-a57c77091542 [2026-07-09T21:15:29.089307] Creating droplet for app with guid 9d1c024d-005a-459f-8754-a57c77091542 (STDOUT, API)#
#2026 07 09 21:16:43.024#Z#DEBUG#45c26d9f-7bdb-11f1-89dc-eeee0a879607.Healthcare-srv#flowable-async-job-executor-thread-31447#
[PollStageAppStatusExecution] 9d1c024d-005a-459f-8754-a57c77091542 [2026-07-09T21:15:31.155376] Uploaded droplet (60.1M) (STDOUT, STG)#
#2026 07 09 21:16:43.024#Z#DEBUG#45c26d9f-7bdb-11f1-89dc-eeee0a879607.Healthcare-srv#flowable-async-job-executor-thread-31447#
[PollStageAppStatusExecution] 9d1c024d-005a-459f-8754-a57c77091542 [2026-07-09T21:15:31.176856] Uploading complete (STDOUT, STG)#
#2026 07 09 21:16:43.024#Z#DEBUG#45c26d9f-7bdb-11f1-89dc-eeee0a879607.Healthcare-srv#flowable-async-job-executor-thread-31447#
[PollStageAppStatusExecution] 9d1c024d-005a-459f-8754-a57c77091542 [2026-07-09T21:15:31.966898] Cell d1cc041a-d5a1-41d6-b9f6-6cda736ce3f0 stopping instance 7d11d459-e2d6-434f-8304-2670b5c0447a (STDOUT, STG)#
#2026 07 09 21:16:43.024#Z#DEBUG#45c26d9f-7bdb-11f1-89dc-eeee0a879607.Healthcare-srv#flowable-async-job-executor-thread-31447#
[PollStageAppStatusExecution] 9d1c024d-005a-459f-8754-a57c77091542 [2026-07-09T21:15:31.966936] Cell d1cc041a-d5a1-41d6-b9f6-6cda736ce3f0 destroying container for instance 7d11d459-e2d6-434f-8304-2670b5c0447a (STDOUT, STG)#
#2026 07 09 21:16:43.024#Z#DEBUG#45c26d9f-7bdb-11f1-89dc-eeee0a879607.Healthcare-srv#flowable-async-job-executor-thread-31447#
[PollStageAppStatusExecution] 9d1c024d-005a-459f-8754-a57c77091542 [2026-07-09T21:15:32.015943] Staging complete for build 7d11d459-e2d6-434f-8304-2670b5c0447a (STDOUT, API)#
#2026 07 09 21:16:43.024#Z#DEBUG#45c26d9f-7bdb-11f1-89dc-eeee0a879607.Healthcare-srv#flowable-async-job-executor-thread-31447#
[PollStageAppStatusExecution] 9d1c024d-005a-459f-8754-a57c77091542 [2026-07-09T21:15:34.754911] Cell d1cc041a-d5a1-41d6-b9f6-6cda736ce3f0 successfully destroyed container for instance 7d11d459-e2d6-434f-8304-2670b5c0447a (STDOUT, STG)#
#2026 07 09 21:16:43.024#Z#DEBUG#45c26d9f-7bdb-11f1-89dc-eeee0a879607.Healthcare-srv#flowable-async-job-executor-thread-31447#
[PollStageAppStatusExecution] 9d1c024d-005a-459f-8754-a57c77091542 [2026-07-09T21:15:35.905314] Updated app with guid 9d1c024d-005a-459f-8754-a57c77091542 ({"lifecycle"=>{"data"=>{"buildpacks"=>["nodejs_buildpack"]}, "type"=>"buildpack"}}) (STDOUT, API)#
#2026 07 09 21:16:43.024#Z#DEBUG#45c26d9f-7bdb-11f1-89dc-eeee0a879607.Healthcare-srv#flowable-async-job-executor-thread-31447#
[PollStageAppStatusExecution] 9d1c024d-005a-459f-8754-a57c77091542 [2026-07-09T21:15:35.981522] Updating process: "web" (STDOUT, API)#
#2026 07 09 21:16:43.024#Z#DEBUG#45c26d9f-7bdb-11f1-89dc-eeee0a879607.Healthcare-srv#flowable-async-job-executor-thread-31447#
[PollStageAppStatusExecution] 9d1c024d-005a-459f-8754-a57c77091542 [2026-07-09T21:16:09.609543] Cell 77283d80-dfa7-40ba-ba4e-265aef112085 destroying container for instance 2d54dfca-b8a2-42e4-7895-1b48 (STDOUT, CELL)#
#2026 07 09 21:16:43.024#Z#DEBUG#45c26d9f-7bdb-11f1-89dc-eeee0a879607.Healthcare-srv#flowable-async-job-executor-thread-31447#
[PollStageAppStatusExecution] 9d1c024d-005a-459f-8754-a57c77091542 [2026-07-09T21:16:09.885470] Exit status 137 (STDOUT, PROXY)#
#2026 07 09 21:16:43.024#Z#DEBUG#45c26d9f-7bdb-11f1-89dc-eeee0a879607.Healthcare-srv#flowable-async-job-executor-thread-31447#
[PollStageAppStatusExecution] 9d1c024d-005a-459f-8754-a57c77091542 [2026-07-09T21:16:12.287112] Cell 77283d80-dfa7-40ba-ba4e-265aef112085 successfully destroyed container for instance 2d54dfca-b8a2-42e4-7895-1b48 (STDOUT, CELL)#
#2026 07 09 21:16:43.024#Z#DEBUG#45c26d9f-7bdb-11f1-89dc-eeee0a879607.Healthcare-srv#flowable-async-job-executor-thread-31447#
[PollStageAppStatusExecution] 9d1c024d-005a-459f-8754-a57c77091542 [2026-07-09T21:16:13.040118] Uploading app package for app with guid 9d1c024d-005a-459f-8754-a57c77091542 (STDOUT, API)#
#2026 07 09 21:16:43.024#Z#DEBUG#45c26d9f-7bdb-11f1-89dc-eeee0a879607.Healthcare-srv#flowable-async-job-executor-thread-31447#
[PollStageAppStatusExecution] 9d1c024d-005a-459f-8754-a57c77091542 [2026-07-09T21:16:13.196937] Updated app with guid 9d1c024d-005a-459f-8754-a57c77091542 ({"environment_variables"=>"[PRIVATE DATA HIDDEN]"}) (STDOUT, API)#
#2026 07 09 21:16:43.024#Z#DEBUG#45c26d9f-7bdb-11f1-89dc-eeee0a879607.Healthcare-srv#flowable-async-job-executor-thread-31447#
[PollStageAppStatusExecution] 9d1c024d-005a-459f-8754-a57c77091542 [2026-07-09T21:16:33.325045] Creating build for app with guid 9d1c024d-005a-459f-8754-a57c77091542 (STDOUT, API)#
#2026 07 09 21:16:43.024#Z#DEBUG#45c26d9f-7bdb-11f1-89dc-eeee0a879607.Healthcare-srv#flowable-async-job-executor-thread-31447#
[PollStageAppStatusExecution] 9d1c024d-005a-459f-8754-a57c77091542 [2026-07-09T21:16:33.831046] Downloading nodejs_buildpack... (STDOUT, STG)#
#2026 07 09 21:16:43.024#Z#DEBUG#45c26d9f-7bdb-11f1-89dc-eeee0a879607.Healthcare-srv#flowable-async-job-executor-thread-31447#
[PollStageAppStatusExecution] 9d1c024d-005a-459f-8754-a57c77091542 [2026-07-09T21:16:33.875179] Downloaded nodejs_buildpack (STDOUT, STG)#
#2026 07 09 21:16:43.024#Z#DEBUG#45c26d9f-7bdb-11f1-89dc-eeee0a879607.Healthcare-srv#flowable-async-job-executor-thread-31447#
[PollStageAppStatusExecution] 9d1c024d-005a-459f-8754-a57c77091542 [2026-07-09T21:16:33.875283] Cell c839c7b1-088e-41af-b9b7-66256aacd457 creating container for instance 3a3e8388-d6c5-4511-be9a-f3e3e87b9343 (STDOUT, STG)#
#2026 07 09 21:16:43.024#Z#DEBUG#45c26d9f-7bdb-11f1-89dc-eeee0a879607.Healthcare-srv#flowable-async-job-executor-thread-31447#
[PollStageAppStatusExecution] 9d1c024d-005a-459f-8754-a57c77091542 [2026-07-09T21:16:34.826351] Security group rules were updated (STDOUT, STG)#
#2026 07 09 21:16:43.024#Z#DEBUG#45c26d9f-7bdb-11f1-89dc-eeee0a879607.Healthcare-srv#flowable-async-job-executor-thread-31447#
[PollStageAppStatusExecution] 9d1c024d-005a-459f-8754-a57c77091542 [2026-07-09T21:16:34.925411] Cell c839c7b1-088e-41af-b9b7-66256aacd457 successfully created container for instance 3a3e8388-d6c5-4511-be9a-f3e3e87b9343 (STDOUT, STG)#
#2026 07 09 21:16:43.024#Z#DEBUG#45c26d9f-7bdb-11f1-89dc-eeee0a879607.Healthcare-srv#flowable-async-job-executor-thread-31447#
[PollStageAppStatusExecution] 9d1c024d-005a-459f-8754-a57c77091542 [2026-07-09T21:16:36.184247] Downloading app package... (STDOUT, STG)#
#2026 07 09 21:16:43.024#Z#DEBUG#45c26d9f-7bdb-11f1-89dc-eeee0a879607.Healthcare-srv#flowable-async-job-executor-thread-31447#
[PollStageAppStatusExecution] 9d1c024d-005a-459f-8754-a57c77091542 [2026-07-09T21:16:36.184259] Downloading build artifacts cache... (STDOUT, STG)#
#2026 07 09 21:16:43.024#Z#DEBUG#45c26d9f-7bdb-11f1-89dc-eeee0a879607.Healthcare-srv#flowable-async-job-executor-thread-31447#
[PollStageAppStatusExecution] 9d1c024d-005a-459f-8754-a57c77091542 [2026-07-09T21:16:36.350162] Downloaded build artifacts cache (228B) (STDOUT, STG)#
#2026 07 09 21:16:43.024#Z#DEBUG#45c26d9f-7bdb-11f1-89dc-eeee0a879607.Healthcare-srv#flowable-async-job-executor-thread-31447#
[PollStageAppStatusExecution] 9d1c024d-005a-459f-8754-a57c77091542 [2026-07-09T21:16:37.572683] Downloaded app package (6.9M) (STDOUT, STG)#
#2026 07 09 21:16:43.024#Z#DEBUG#45c26d9f-7bdb-11f1-89dc-eeee0a879607.Healthcare-srv#flowable-async-job-executor-thread-31447#
[PollStageAppStatusExecution] 9d1c024d-005a-459f-8754-a57c77091542 [2026-07-09T21:16:37.720118] -----> Nodejs Buildpack version 1.9.2 (STDOUT, STG)#
#2026 07 09 21:16:43.024#Z#DEBUG#45c26d9f-7bdb-11f1-89dc-eeee0a879607.Healthcare-srv#flowable-async-job-executor-thread-31447#
[PollStageAppStatusExecution] 9d1c024d-005a-459f-8754-a57c77091542 [2026-07-09T21:16:38.241850] -----> Bootstrapping python (STDOUT, STG)#
#2026 07 09 21:16:43.024#Z#DEBUG#45c26d9f-7bdb-11f1-89dc-eeee0a879607.Healthcare-srv#flowable-async-job-executor-thread-31447#
[PollStageAppStatusExecution] 9d1c024d-005a-459f-8754-a57c77091542 [2026-07-09T21:16:38.241896] -----> Installing python 3.13.13 (STDOUT, STG)#
#2026 07 09 21:16:43.024#Z#DEBUG#45c26d9f-7bdb-11f1-89dc-eeee0a879607.Healthcare-srv#flowable-async-job-executor-thread-31447#
[PollStageAppStatusExecution] 9d1c024d-005a-459f-8754-a57c77091542 [2026-07-09T21:16:38.241965] Copy [/tmp/buildpacks/17bd89c67d092631/dependencies/268a5e3743d51a14b86ea9da64439307/python_3.13.13_linux_x64_cflinuxfs4_8311abbf.tgz] (STDOUT, STG)#
#2026 07 09 21:16:53.095#Z#DEBUG#45c26d9f-7bdb-11f1-89dc-eeee0a879607.Healthcare-srv#flowable-async-job-executor-thread-17452#
[PollStageAppStatusExecution] 9d1c024d-005a-459f-8754-a57c77091542 [2026-07-09T21:16:42.993021] -----> Installing binaries (STDOUT, STG)#
#2026 07 09 21:16:53.095#Z#DEBUG#45c26d9f-7bdb-11f1-89dc-eeee0a879607.Healthcare-srv#flowable-async-job-executor-thread-17452#
[PollStageAppStatusExecution] 9d1c024d-005a-459f-8754-a57c77091542 [2026-07-09T21:16:42.993408] engines.node (package.json): >=20 (STDOUT, STG)#
#2026 07 09 21:16:53.095#Z#DEBUG#45c26d9f-7bdb-11f1-89dc-eeee0a879607.Healthcare-srv#flowable-async-job-executor-thread-17452#
[PollStageAppStatusExecution] 9d1c024d-005a-459f-8754-a57c77091542 [2026-07-09T21:16:42.993425] engines.npm (package.json): unspecified (use default) (STDOUT, STG)#
#2026 07 09 21:16:53.095#Z#DEBUG#45c26d9f-7bdb-11f1-89dc-eeee0a879607.Healthcare-srv#flowable-async-job-executor-thread-17452#
[PollStageAppStatusExecution] 9d1c024d-005a-459f-8754-a57c77091542 [2026-07-09T21:16:42.993447] [31;1m**WARNING**[0m Dangerous semver range (>) in engines.node. See: http://docs.cloudfoundry.org/buildpacks/node/node-tips.html (STDOUT, STG)#
#2026 07 09 21:16:53.095#Z#DEBUG#45c26d9f-7bdb-11f1-89dc-eeee0a879607.Healthcare-srv#flowable-async-job-executor-thread-17452#
[PollStageAppStatusExecution] 9d1c024d-005a-459f-8754-a57c77091542 [2026-07-09T21:16:42.993566] -----> Installing node 24.15.0 (STDOUT, STG)#
#2026 07 09 21:16:53.095#Z#DEBUG#45c26d9f-7bdb-11f1-89dc-eeee0a879607.Healthcare-srv#flowable-async-job-executor-thread-17452#
[PollStageAppStatusExecution] 9d1c024d-005a-459f-8754-a57c77091542 [2026-07-09T21:16:42.993731] Copy [/tmp/buildpacks/17bd89c67d092631/dependencies/6441e97e6386f47ec4c16cfdf8db0a17/node_24.15.0_linux_x64_cflinuxfs4_1a62d98b.tgz] (STDOUT, STG)#
#2026 07 09 21:16:53.095#Z#DEBUG#45c26d9f-7bdb-11f1-89dc-eeee0a879607.Healthcare-srv#flowable-async-job-executor-thread-17452#
[PollStageAppStatusExecution] 9d1c024d-005a-459f-8754-a57c77091542 [2026-07-09T21:16:45.671447] Using default npm version: 11.12.1 (STDOUT, STG)#
#2026 07 09 21:16:53.095#Z#DEBUG#45c26d9f-7bdb-11f1-89dc-eeee0a879607.Healthcare-srv#flowable-async-job-executor-thread-17452#
[PollStageAppStatusExecution] 9d1c024d-005a-459f-8754-a57c77091542 [2026-07-09T21:16:45.671480] -----> Installing yarn 1.22.22 (STDOUT, STG)#
#2026 07 09 21:16:53.095#Z#DEBUG#45c26d9f-7bdb-11f1-89dc-eeee0a879607.Healthcare-srv#flowable-async-job-executor-thread-17452#
[PollStageAppStatusExecution] 9d1c024d-005a-459f-8754-a57c77091542 [2026-07-09T21:16:45.671485] Copy [/tmp/buildpacks/17bd89c67d092631/dependencies/e4fe26756e9984a665478d350474fa2e/yarn_1.22.22_linux_noarch_any-stack_b6132b86.tgz] (STDOUT, STG)#
#2026 07 09 21:16:53.095#Z#DEBUG#45c26d9f-7bdb-11f1-89dc-eeee0a879607.Healthcare-srv#flowable-async-job-executor-thread-17452#
[PollStageAppStatusExecution] 9d1c024d-005a-459f-8754-a57c77091542 [2026-07-09T21:16:46.095535] Installed yarn 1.22.22 (STDOUT, STG)#
#2026 07 09 21:16:53.095#Z#DEBUG#45c26d9f-7bdb-11f1-89dc-eeee0a879607.Healthcare-srv#flowable-async-job-executor-thread-17452#
[PollStageAppStatusExecution] 9d1c024d-005a-459f-8754-a57c77091542 [2026-07-09T21:16:46.095558] -----> Creating runtime environment (STDOUT, STG)#
#2026 07 09 21:16:53.095#Z#DEBUG#45c26d9f-7bdb-11f1-89dc-eeee0a879607.Healthcare-srv#flowable-async-job-executor-thread-17452#
[PollStageAppStatusExecution] 9d1c024d-005a-459f-8754-a57c77091542 [2026-07-09T21:16:46.097374] NODE_ENV=production (STDOUT, STG)#
#2026 07 09 21:16:53.095#Z#DEBUG#45c26d9f-7bdb-11f1-89dc-eeee0a879607.Healthcare-srv#flowable-async-job-executor-thread-17452#
[PollStageAppStatusExecution] 9d1c024d-005a-459f-8754-a57c77091542 [2026-07-09T21:16:46.097391] NODE_HOME=/tmp/contents3823814401/deps/0/node (STDOUT, STG)#
#2026 07 09 21:16:53.095#Z#DEBUG#45c26d9f-7bdb-11f1-89dc-eeee0a879607.Healthcare-srv#flowable-async-job-executor-thread-17452#
[PollStageAppStatusExecution] 9d1c024d-005a-459f-8754-a57c77091542 [2026-07-09T21:16:46.097394] NODE_MODULES_CACHE=true (STDOUT, STG)#
#2026 07 09 21:16:53.095#Z#DEBUG#45c26d9f-7bdb-11f1-89dc-eeee0a879607.Healthcare-srv#flowable-async-job-executor-thread-17452#
[PollStageAppStatusExecution] 9d1c024d-005a-459f-8754-a57c77091542 [2026-07-09T21:16:46.097396] NODE_VERBOSE=false (STDOUT, STG)#
#2026 07 09 21:16:53.095#Z#DEBUG#45c26d9f-7bdb-11f1-89dc-eeee0a879607.Healthcare-srv#flowable-async-job-executor-thread-17452#
[PollStageAppStatusExecution] 9d1c024d-005a-459f-8754-a57c77091542 [2026-07-09T21:16:46.097399] NPM_CONFIG_LOGLEVEL=error (STDOUT, STG)#
#2026 07 09 21:16:53.095#Z#DEBUG#45c26d9f-7bdb-11f1-89dc-eeee0a879607.Healthcare-srv#flowable-async-job-executor-thread-17452#
[PollStageAppStatusExecution] 9d1c024d-005a-459f-8754-a57c77091542 [2026-07-09T21:16:46.097411] NPM_CONFIG_PRODUCTION=true (STDOUT, STG)#
#2026 07 09 21:16:53.095#Z#DEBUG#45c26d9f-7bdb-11f1-89dc-eeee0a879607.Healthcare-srv#flowable-async-job-executor-thread-17452#
[PollStageAppStatusExecution] 9d1c024d-005a-459f-8754-a57c77091542 [2026-07-09T21:16:46.097433] -----> Building dependencies (STDOUT, STG)#
#2026 07 09 21:16:53.095#Z#DEBUG#45c26d9f-7bdb-11f1-89dc-eeee0a879607.Healthcare-srv#flowable-async-job-executor-thread-17452#
[PollStageAppStatusExecution] 9d1c024d-005a-459f-8754-a57c77091542 [2026-07-09T21:16:46.097440] Prebuild detected (node_modules already exists) (STDOUT, STG)#
#2026 07 09 21:16:53.095#Z#DEBUG#45c26d9f-7bdb-11f1-89dc-eeee0a879607.Healthcare-srv#flowable-async-job-executor-thread-17452#
[PollStageAppStatusExecution] 9d1c024d-005a-459f-8754-a57c77091542 [2026-07-09T21:16:46.097500] Rebuilding any native modules (STDOUT, STG)#
#2026 07 09 21:16:53.095#Z#DEBUG#45c26d9f-7bdb-11f1-89dc-eeee0a879607.Healthcare-srv#flowable-async-job-executor-thread-17452#
[PollStageAppStatusExecution] 9d1c024d-005a-459f-8754-a57c77091542 [2026-07-09T21:16:46.898175] rebuilt dependencies successfully (STDOUT, STG)#
#2026 07 09 21:16:53.095#Z#DEBUG#45c26d9f-7bdb-11f1-89dc-eeee0a879607.Healthcare-srv#flowable-async-job-executor-thread-17452#
[PollStageAppStatusExecution] 9d1c024d-005a-459f-8754-a57c77091542 [2026-07-09T21:16:46.900175] npm notice (STDOUT, STG)#
#2026 07 09 21:16:53.095#Z#DEBUG#45c26d9f-7bdb-11f1-89dc-eeee0a879607.Healthcare-srv#flowable-async-job-executor-thread-17452#
[PollStageAppStatusExecution] 9d1c024d-005a-459f-8754-a57c77091542 [2026-07-09T21:16:46.900201] npm notice New major version of npm available! 11.12.1 -> 12.0.0 (STDOUT, STG)#
#2026 07 09 21:16:53.095#Z#DEBUG#45c26d9f-7bdb-11f1-89dc-eeee0a879607.Healthcare-srv#flowable-async-job-executor-thread-17452#
[PollStageAppStatusExecution] 9d1c024d-005a-459f-8754-a57c77091542 [2026-07-09T21:16:46.900207] npm notice Changelog: https://github.com/npm/cli/releases/tag/v12.0.0 (STDOUT, STG)#
#2026 07 09 21:16:53.095#Z#DEBUG#45c26d9f-7bdb-11f1-89dc-eeee0a879607.Healthcare-srv#flowable-async-job-executor-thread-17452#
[PollStageAppStatusExecution] 9d1c024d-005a-459f-8754-a57c77091542 [2026-07-09T21:16:46.900209] npm notice To update run: npm install -g npm@12.0.0 (STDOUT, STG)#
#2026 07 09 21:16:53.095#Z#DEBUG#45c26d9f-7bdb-11f1-89dc-eeee0a879607.Healthcare-srv#flowable-async-job-executor-thread-17452#
[PollStageAppStatusExecution] 9d1c024d-005a-459f-8754-a57c77091542 [2026-07-09T21:16:46.900212] npm notice (STDOUT, STG)#
#2026 07 09 21:16:53.095#Z#DEBUG#45c26d9f-7bdb-11f1-89dc-eeee0a879607.Healthcare-srv#flowable-async-job-executor-thread-17452#
[PollStageAppStatusExecution] 9d1c024d-005a-459f-8754-a57c77091542 [2026-07-09T21:16:46.975241] Installing any new modules (package.json + package-lock.json) (STDOUT, STG)#
#2026 07 09 21:16:53.095#Z#DEBUG#45c26d9f-7bdb-11f1-89dc-eeee0a879607.Healthcare-srv#flowable-async-job-executor-thread-17452#
[PollStageAppStatusExecution] 9d1c024d-005a-459f-8754-a57c77091542 [2026-07-09T21:16:48.201478] removed 57 packages in 1s (STDOUT, STG)#
#2026 07 09 21:16:53.095#Z#DEBUG#45c26d9f-7bdb-11f1-89dc-eeee0a879607.Healthcare-srv#flowable-async-job-executor-thread-17452#
[PollStageAppStatusExecution] 9d1c024d-005a-459f-8754-a57c77091542 [2026-07-09T21:16:48.201682] 28 packages are looking for funding (STDOUT, STG)#
#2026 07 09 21:16:53.095#Z#DEBUG#45c26d9f-7bdb-11f1-89dc-eeee0a879607.Healthcare-srv#flowable-async-job-executor-thread-17452#
[PollStageAppStatusExecution] 9d1c024d-005a-459f-8754-a57c77091542 [2026-07-09T21:16:48.201748] run `npm fund` for details (STDOUT, STG)#
#2026 07 09 21:16:53.095#Z#DEBUG#45c26d9f-7bdb-11f1-89dc-eeee0a879607.Healthcare-srv#flowable-async-job-executor-thread-17452#
[PollStageAppStatusExecution] 9d1c024d-005a-459f-8754-a57c77091542 [2026-07-09T21:16:49.167685] Contrast Security no credentials found. Will not write environment files. (STDOUT, STG)#
